#
# There is insufficient memory for the Java Runtime Environment to continue.
# Native memory allocation (malloc) failed to allocate 1792 bytes for AllocateHeap
# Possible reasons:
#   The system is out of physical RAM or swap space
#   The process is running with CompressedOops enabled, and the Java Heap may be blocking the growth of the native heap
# Possible solutions:
#   Reduce memory load on the system
#   Increase physical memory or swap space
#   Check if swap backing store is full
#   Decrease Java heap size (-Xmx/-Xms)
#   Decrease number of Java threads
#   Decrease Java thread stack sizes (-Xss)
#   Set larger code cache with -XX:ReservedCodeCacheSize=
#   JVM is running with Zero Based Compressed Oops mode in which the Java heap is
#     placed in the first 32GB address space. The Java Heap base address is the
#     maximum limit for the native heap growth. Please use -XX:HeapBaseMinAddress
#     to set the Java Heap base and to place the Java Heap above 32GB virtual address.
# This output file may be truncated or incomplete.
#
#  Out of Memory Error (memory/allocation.inline.hpp:61), pid=17928, tid=0x0000000000001940
#
# JRE version: OpenJDK Runtime Environment (8.0_312-b07) (build 1.8.0_312-b07)
# Java VM: OpenJDK 64-Bit Server VM (25.312-b07 mixed mode windows-amd64 compressed oops)
# Failed to write core dump. Minidumps are not enabled by default on client versions of Windows
#

---------------  T H R E A D  ---------------

Current thread (0x0000023bd5953000):  GCTaskThread [stack: 0x0000007221a00000,0x0000007221b00000] [id=6464]

Stack: [0x0000007221a00000,0x0000007221b00000]
[error occurred during error reporting (printing stack bounds), id 0xc0000005]

Native frames: (J=compiled Java code, j=interpreted, Vv=VM code, C=native code)

JavaThread 0x0000023bf26d4000 (nid = 2856) was being processed
Java frames: (J=compiled Java code, j=interpreted, Vv=VM code)
j  java.net.SocketInputStream.socketRead0(Ljava/io/FileDescriptor;[BIII)I+0
j  java.net.SocketInputStream.socketRead(Ljava/io/FileDescriptor;[BIII)I+8
j  java.net.SocketInputStream.read([BIII)I+117
j  java.net.SocketInputStream.read([BII)I+11
j  sun.nio.cs.StreamDecoder.readBytes()I+135
j  sun.nio.cs.StreamDecoder.implRead([CII)I+112
j  sun.nio.cs.StreamDecoder.read([CII)I+180
j  java.io.InputStreamReader.read([CII)I+7
j  java.io.BufferedReader.fill()V+145
j  java.io.BufferedReader.readLine(Z)Ljava/lang/String;+44
j  java.io.BufferedReader.readLine()Ljava/lang/String;+2
j  com.intellij.rt.execution.application.AppMainV2$1.run()V+36
v  ~StubRoutines::call_stub

---------------  P R O C E S S  ---------------

Java Threads: ( => current thread )
  0x0000023bf27e1800 JavaThread "Service Thread" daemon [_thread_blocked, id=8220, stack(0x0000007222800000,0x0000007222900000)]
  0x0000023bf26e8800 JavaThread "C1 CompilerThread3" daemon [_thread_blocked, id=15448, stack(0x0000007222700000,0x0000007222800000)]
  0x0000023bf26e2800 JavaThread "C2 CompilerThread2" daemon [_thread_blocked, id=5664, stack(0x0000007222600000,0x0000007222700000)]
  0x0000023bf26e1800 JavaThread "C2 CompilerThread1" daemon [_thread_blocked, id=2968, stack(0x0000007222500000,0x0000007222600000)]
  0x0000023bf26de800 JavaThread "C2 CompilerThread0" daemon [_thread_blocked, id=15188, stack(0x0000007222400000,0x0000007222500000)]
  0x0000023bf26d4000 JavaThread "Monitor Ctrl-Break" daemon [_thread_in_native, id=2856, stack(0x0000007222300000,0x0000007222400000)]
  0x0000023bf2688800 JavaThread "Attach Listener" daemon [_thread_blocked, id=3096, stack(0x0000007222200000,0x0000007222300000)]
  0x0000023bf0a7b800 JavaThread "Signal Dispatcher" daemon [_thread_blocked, id=2840, stack(0x0000007222100000,0x0000007222200000)]
  0x0000023bf0a65000 JavaThread "Finalizer" daemon [_thread_blocked, id=22048, stack(0x0000007222000000,0x0000007222100000)]
  0x0000023bf0a55800 JavaThread "Reference Handler" daemon [_thread_blocked, id=8840, stack(0x0000007221f00000,0x0000007222000000)]
  0x0000023bd5935800 JavaThread "main" [_thread_blocked, id=20224, stack(0x0000007221500000,0x0000007221600000)]

Other Threads:
  0x0000023bd59ce800 VMThread [stack: 0x0000007221e00000,0x0000007221f00000] [id=3792]
  0x0000023bf27ed000 WatcherThread [stack: 0x0000007222900000,0x0000007222a00000] [id=3288]

=>0x0000023bd5953000 (exited) GCTaskThread [stack: 0x0000007221a00000,0x0000007221b00000] [id=6464]

VM state:at safepoint (normal execution)

VM Mutex/Monitor currently owned by a thread:  ([mutex/lock_event])
[0x0000023bd59332b0] OopMapCacheAlloc_lock - owner thread: 0x0000023bd5953000
[0x0000023bd59331b0] Threads_lock - owner thread: 0x0000023bd59ce800
[0x0000023bd5934740] Heap_lock - owner thread: 0x0000023bd5935800

heap address: 0x00000006c2a00000, size: 4054 MB, Compressed Oops mode: Zero based, Oop shift amount: 3
Narrow klass base: 0x0000000000000000, Narrow klass shift: 3
Compressed class space size: 1073741824 Address: 0x00000007c0000000

Heap:
 PSYoungGen      total 75776K, used 14324K [0x000000076b900000, 0x0000000770d80000, 0x00000007c0000000)
  eden space 65024K, 22% used [0x000000076b900000,0x000000076c6fd0e0,0x000000076f880000)
  from space 10752K, 0% used [0x0000000770300000,0x0000000770300000,0x0000000770d80000)
  to   space 10752K, 17% used [0x000000076f880000,0x000000076fa50030,0x0000000770300000)
 ParOldGen       total 173568K, used 31K [0x00000006c2a00000, 0x00000006cd380000, 0x000000076b900000)
  object space 173568K, 0% used [0x00000006c2a00000,0x00000006c2a07c40,0x00000006cd380000)
 Metaspace       used 6422K, capacity 6672K, committed 6784K, reserved 1062912K
  class space    used 741K, capacity 835K, committed 896K, reserved 1048576K

Card table byte_map: [0x0000023be69e0000,0x0000023be71d0000] byte_map_base: 0x0000023be33cb000

Marking Bits: (ParMarkBitMap*) 0x0000000050801860
 Begin Bits: [0x0000023be7720000, 0x0000023beb678000)
 End Bits:   [0x0000023beb678000, 0x0000023bef5d0000)

Polling page: 0x0000023bd5af0000

CodeCache: size=245760Kb used=2154Kb max_used=2154Kb free=243606Kb
 bounds [0x0000023bd7620000, 0x0000023bd7890000, 0x0000023be6620000]
 total_blobs=764 nmethods=468 adapters=209
 compilation: enabled

Compilation events (10 events):
Event: 0.513 Thread 0x0000023bf26e8800  464  s    3       sun.misc.URLClassPath::knownToNotExist (24 bytes)
Event: 0.513 Thread 0x0000023bf26e8800 nmethod 464 0x0000023bd7837ed0 code [0x0000023bd7838040, 0x0000023bd7838410]
Event: 0.514 Thread 0x0000023bf26e8800  465       3       java.util.jar.Attributes$Name::hashCode (24 bytes)
Event: 0.514 Thread 0x0000023bf26e8800 nmethod 465 0x0000023bd78384d0 code [0x0000023bd7838640, 0x0000023bd7838830]
Event: 0.518 Thread 0x0000023bf26e8800  466       3       java.lang.StringCoding::scale (7 bytes)
Event: 0.518 Thread 0x0000023bf26e8800 nmethod 466 0x0000023bd78388d0 code [0x0000023bd7838a20, 0x0000023bd7838b98]
Event: 0.518 Thread 0x0000023bf26e8800  467       3       java.lang.StringCoding::deref (19 bytes)
Event: 0.518 Thread 0x0000023bf26e8800 nmethod 467 0x0000023bd7838c10 code [0x0000023bd7838da0, 0x0000023bd7839250]
Event: 0.519 Thread 0x0000023bf26e8800  468       3       java.util.jar.JarFile::maybeInstantiateVerifier (96 bytes)
Event: 0.520 Thread 0x0000023bf26e8800 nmethod 468 0x0000023bd7839390 code [0x0000023bd78395c0, 0x0000023bd783a290]

GC Heap History (1 events):
Event: 0.526 GC heap before
{Heap before GC invocations=1 (full 0):
 PSYoungGen      total 75776K, used 14324K [0x000000076b900000, 0x0000000770d80000, 0x00000007c0000000)
  eden space 65024K, 22% used [0x000000076b900000,0x000000076c6fd0e0,0x000000076f880000)
  from space 10752K, 0% used [0x0000000770300000,0x0000000770300000,0x0000000770d80000)
  to   space 10752K, 0% used [0x000000076f880000,0x000000076f880000,0x0000000770300000)
 ParOldGen       total 173568K, used 0K [0x00000006c2a00000, 0x00000006cd380000, 0x000000076b900000)
  object space 173568K, 0% used [0x00000006c2a00000,0x00000006c2a00000,0x00000006cd380000)
 Metaspace       used 6422K, capacity 6672K, committed 6784K, reserved 1062912K
  class space    used 741K, capacity 835K, committed 896K, reserved 1048576K

Deoptimization events (2 events):
Event: 0.426 Thread 0x0000023bd5935800 Uncommon trap: reason=null_check action=make_not_entrant pc=0x0000023bd774430c method=java.lang.String.equals(Ljava/lang/Object;)Z @ 8
Event: 0.452 Thread 0x0000023bd5935800 Uncommon trap: reason=unstable_if action=reinterpret pc=0x0000023bd780b120 method=java.lang.String.indexOf([CII[CIII)I @ 3

Classes redefined (0 events):
No events

Internal exceptions (9 events):
Event: 0.037 Thread 0x0000023bd5935800 Exception <a 'java/lang/NoSuchMethodError': Method sun.misc.Unsafe.defineClass(Ljava/lang/String;[BII)Ljava/lang/Class; name or signature does not match> (0x000000076b908288) thrown at [C:\wsjdk\Corretto8Src\installers\windows\zip\corretto-build\buildRoot
Event: 0.037 Thread 0x0000023bd5935800 Exception <a 'java/lang/NoSuchMethodError': Method sun.misc.Unsafe.prefetchRead(Ljava/lang/Object;J)V name or signature does not match> (0x000000076b908570) thrown at [C:\wsjdk\Corretto8Src\installers\windows\zip\corretto-build\buildRoot\src\hotspot\src\s
Event: 0.336 Thread 0x0000023bd5935800 Exception <a 'java/security/PrivilegedActionException'> (0x000000076c002d38) thrown at [C:\wsjdk\Corretto8Src\installers\windows\zip\corretto-build\buildRoot\src\hotspot\src\share\vm\prims\jvm.cpp, line 1523]
Event: 0.336 Thread 0x0000023bd5935800 Exception <a 'java/security/PrivilegedActionException'> (0x000000076c003130) thrown at [C:\wsjdk\Corretto8Src\installers\windows\zip\corretto-build\buildRoot\src\hotspot\src\share\vm\prims\jvm.cpp, line 1523]
Event: 0.337 Thread 0x0000023bd5935800 Exception <a 'java/security/PrivilegedActionException'> (0x000000076c0094e8) thrown at [C:\wsjdk\Corretto8Src\installers\windows\zip\corretto-build\buildRoot\src\hotspot\src\share\vm\prims\jvm.cpp, line 1523]
Event: 0.337 Thread 0x0000023bd5935800 Exception <a 'java/security/PrivilegedActionException'> (0x000000076c0098e0) thrown at [C:\wsjdk\Corretto8Src\installers\windows\zip\corretto-build\buildRoot\src\hotspot\src\share\vm\prims\jvm.cpp, line 1523]
Event: 0.401 Thread 0x0000023bd5935800 Exception <a 'java/lang/NoSuchFieldError': method resolution failed> (0x000000076c199258) thrown at [C:\wsjdk\Corretto8Src\installers\windows\zip\corretto-build\buildRoot\src\hotspot\src\share\vm\prims\methodHandles.cpp, line 1176]
Event: 0.403 Thread 0x0000023bd5935800 Exception <a 'java/lang/NoSuchFieldError': method resolution failed> (0x000000076c1a6cf8) thrown at [C:\wsjdk\Corretto8Src\installers\windows\zip\corretto-build\buildRoot\src\hotspot\src\share\vm\prims\methodHandles.cpp, line 1176]
Event: 0.426 Thread 0x0000023bd5935800 Implicit null exception at 0x0000023bd7744115 to 0x0000023bd77442fd

Events (10 events):
Event: 0.524 loading class java/lang/reflect/Proxy$Key1
Event: 0.524 loading class java/lang/reflect/Proxy$Key1 done
Event: 0.524 loading class java/lang/reflect/WeakCache$Factory
Event: 0.525 loading class java/lang/reflect/WeakCache$Factory done
Event: 0.525 loading class sun/misc/ProxyGenerator
Event: 0.525 loading class sun/misc/ProxyGenerator done
Event: 0.525 loading class sun/misc/ProxyGenerator$ConstantPool
Event: 0.525 loading class sun/misc/ProxyGenerator$ConstantPool done
Event: 0.526 loading class sun/misc/ProxyGenerator$ProxyMethod
Event: 0.526 Executing VM operation: CollectForMetadataAllocation


Dynamic libraries:
0x00007ff6da8d0000 - 0x00007ff6da90a000 	C:\Users\其然乐衣Letitbe\.jdks\corretto-1.8.0_312\bin\java.exe
0x00007ffa408d0000 - 0x00007ffa40ac8000 	C:\WINDOWS\SYSTEM32\ntdll.dll
0x00007ffa3f680000 - 0x00007ffa3f73f000 	C:\WINDOWS\System32\KERNEL32.DLL
0x00007ffa3dfe0000 - 0x00007ffa3e2ba000 	C:\WINDOWS\System32\KERNELBASE.dll
0x00007ffa3edc0000 - 0x00007ffa3ee6e000 	C:\WINDOWS\System32\ADVAPI32.dll
0x00007ffa40340000 - 0x00007ffa403de000 	C:\WINDOWS\System32\msvcrt.dll
0x00007ffa3ead0000 - 0x00007ffa3eb6c000 	C:\WINDOWS\System32\sechost.dll
0x00007ffa3f820000 - 0x00007ffa3f946000 	C:\WINDOWS\System32\RPCRT4.dll
0x00007ffa401a0000 - 0x00007ffa4033d000 	C:\WINDOWS\System32\USER32.dll
0x00007ffa3e900000 - 0x00007ffa3e922000 	C:\WINDOWS\System32\win32u.dll
0x00007ffa3f650000 - 0x00007ffa3f67b000 	C:\WINDOWS\System32\GDI32.dll
0x00007ffa3e380000 - 0x00007ffa3e490000 	C:\WINDOWS\System32\gdi32full.dll
0x00007ffa3e500000 - 0x00007ffa3e59d000 	C:\WINDOWS\System32\msvcp_win.dll
0x00007ffa3e5a0000 - 0x00007ffa3e6a0000 	C:\WINDOWS\System32\ucrtbase.dll
0x00007ffa2b190000 - 0x00007ffa2b42a000 	C:\WINDOWS\WinSxS\amd64_microsoft.windows.common-controls_6595b64144ccf1df_6.0.19041.1110_none_60b5254171f9507e\COMCTL32.dll
0x00007ffa3f620000 - 0x00007ffa3f650000 	C:\WINDOWS\System32\IMM32.DLL
0x00007ff9b16d0000 - 0x00007ff9b17bf000 	C:\Users\其然乐衣Letitbe\.jdks\corretto-1.8.0_312\jre\bin\msvcr120.dll
0x00007ff9f0e20000 - 0x00007ff9f0ec6000 	C:\Users\其然乐衣Letitbe\.jdks\corretto-1.8.0_312\jre\bin\msvcp120.dll
0x0000000050010000 - 0x0000000050880000 	C:\Users\其然乐衣Letitbe\.jdks\corretto-1.8.0_312\jre\bin\server\jvm.dll
0x00007ffa40060000 - 0x00007ffa40068000 	C:\WINDOWS\System32\PSAPI.DLL
0x00007ffa14480000 - 0x00007ffa14489000 	C:\WINDOWS\SYSTEM32\WSOCK32.dll
0x00007ffa35900000 - 0x00007ffa3590a000 	C:\WINDOWS\SYSTEM32\VERSION.dll
0x00007ffa3b310000 - 0x00007ffa3b337000 	C:\WINDOWS\SYSTEM32\WINMM.dll
0x00007ffa3fb20000 - 0x00007ffa3fb8b000 	C:\WINDOWS\System32\WS2_32.dll
0x00007ffa12810000 - 0x00007ffa1281f000 	C:\Users\其然乐衣Letitbe\.jdks\corretto-1.8.0_312\jre\bin\verify.dll
0x00007ff9fab20000 - 0x00007ff9fab49000 	C:\Users\其然乐衣Letitbe\.jdks\corretto-1.8.0_312\jre\bin\java.dll
0x00007ffa13520000 - 0x00007ffa1354a000 	C:\Users\其然乐衣Letitbe\.jdks\corretto-1.8.0_312\jre\bin\instrument.dll
0x00007ffa082d0000 - 0x00007ffa082e6000 	C:\Users\其然乐衣Letitbe\.jdks\corretto-1.8.0_312\jre\bin\zip.dll
0x00007ffa3ee70000 - 0x00007ffa3f5b4000 	C:\WINDOWS\System32\SHELL32.dll
0x00007ffa3bf90000 - 0x00007ffa3c723000 	C:\WINDOWS\SYSTEM32\windows.storage.dll
0x00007ffa403e0000 - 0x00007ffa40734000 	C:\WINDOWS\System32\combase.dll
0x00007ffa3da40000 - 0x00007ffa3da6e000 	C:\WINDOWS\SYSTEM32\Wldp.dll
0x00007ffa3ea10000 - 0x00007ffa3eabd000 	C:\WINDOWS\System32\SHCORE.dll
0x00007ffa3f5c0000 - 0x00007ffa3f615000 	C:\WINDOWS\System32\shlwapi.dll
0x00007ffa3df20000 - 0x00007ffa3df3f000 	C:\WINDOWS\SYSTEM32\profapi.dll
0x00007ffa1a920000 - 0x00007ffa1a93a000 	D:\Program Files\JetBrains\IntelliJ IDEA 2021.3.3\bin\breakgen64.dll
0x00007ffa06200000 - 0x00007ffa0621a000 	C:\Users\其然乐衣Letitbe\.jdks\corretto-1.8.0_312\jre\bin\net.dll
0x00007ffa3d7a0000 - 0x00007ffa3d80a000 	C:\WINDOWS\system32\mswsock.dll

VM Arguments:
jvm_args: -Dvisualvm.id=18713801599700 -ea -Didea.test.cyclic.buffer.size=1048576 -javaagent:D:\Program Files\JetBrains\IntelliJ IDEA 2021.3.3\lib\idea_rt.jar=64756:D:\Program Files\JetBrains\IntelliJ IDEA 2021.3.3\bin -Dfile.encoding=UTF-8 
java_command: com.intellij.rt.junit.JUnitStarter -ideVersion5 -junit5 com.quartztriggerutils.QuartzTriggerUtilsApplicationTests,contextLoads
java_class_path (initial): C:\Users\其然乐衣Letitbe\.m2\repository\org\junit\platform\junit-platform-launcher\1.8.2\junit-platform-launcher-1.8.2.jar;D:\Program Files\JetBrains\IntelliJ IDEA 2021.3.3\lib\idea_rt.jar;D:\Program Files\JetBrains\IntelliJ IDEA 2021.3.3\plugins\junit\lib\junit5-rt.jar;D:\Program Files\JetBrains\IntelliJ IDEA 2021.3.3\plugins\junit\lib\junit-rt.jar;C:\Users\其然乐衣Letitbe\.jdks\corretto-1.8.0_312\jre\lib\charsets.jar;C:\Users\其然乐衣Letitbe\.jdks\corretto-1.8.0_312\jre\lib\ext\access-bridge-64.jar;C:\Users\其然乐衣Letitbe\.jdks\corretto-1.8.0_312\jre\lib\ext\cldrdata.jar;C:\Users\其然乐衣Letitbe\.jdks\corretto-1.8.0_312\jre\lib\ext\dnsns.jar;C:\Users\其然乐衣Letitbe\.jdks\corretto-1.8.0_312\jre\lib\ext\jaccess.jar;C:\Users\其然乐衣Letitbe\.jdks\corretto-1.8.0_312\jre\lib\ext\jfxrt.jar;C:\Users\其然乐衣Letitbe\.jdks\corretto-1.8.0_312\jre\lib\ext\localedata.jar;C:\Users\其然乐衣Letitbe\.jdks\corretto-1.8.0_312\jre\lib\ext\nashorn.jar;C:\Users\其然乐衣Letitbe\.jdks\corretto-1.8.0_312\jre\lib\ext\sunec.jar;C:\Users\其然乐衣Letitbe\.jdks\corretto-1.8.0_312\jre\lib\ext\sunjce_provider.jar;C:\Users\其然乐衣Letitbe\.jdks\corretto-1.8.0_312\jre\lib\ext\sunmscapi.jar;C:\Users\其然乐衣Letitbe\.jdks\corretto-1.8.0_312\jre\lib\ext\sunpkcs11.jar;C:\Users\其然乐衣Letitbe\.jdks\corretto-1.8.0_312\jre\lib\ext\zipfs.jar;C:\Users\其然乐衣Letitbe\.jdks\corretto-1.8.0_312\jre\lib\jce.jar;C:\Users\其然乐衣Letitbe\.jdks\corretto-1.8.0_312\jre\lib\jfr.jar;C:\Users\其然乐衣Letitbe\.jdks\corretto-1.8.0_312\jre\lib\jfxswt.jar;C:\Users\其然乐衣Letitbe\.jdks\corretto-1.8.0_312\jre\lib\jsse.jar;C:\Users\其然乐衣Letitbe\.jdks\corretto-1.8.0_312\jre\lib\management-agent.jar;C:\Users\其然乐衣Letitbe\.jdks\corretto-1.8.0_312\jre\lib\resources.jar;C:\Users\其然乐衣Letitbe\.jdks\corretto-1.8.0_312\jre\lib\rt.jar;D:\Java\idea\Quartz-Trigger-Utils\target\test-classes;D:\Java\idea\Quartz-Trigger-Utils\target\classes;C:\Users\其然乐衣Letitbe\.m2\repository\com\alibaba\fast
Launcher Type: SUN_STANDARD

Environment Variables:
JAVA_HOME=D:\Java
PATH=D:\Program Files (x86)\VMware\VMware Workstation\bin\;D:\Program Files\MySQL\MySQL Server 5.5\bin;C:\Program Files (x86)\Common Files\Oracle\Java\javapath;C:\Windows\system32;C:\Windows;C:\Windows\System32\Wbem;C:\Windows\System32\WindowsPowerShell\v1.0\;C:\Windows\System32\OpenSSH\;C:\Program Files (x86)\NVIDIA Corporation\PhysX\Common;C:\Program Files\NVIDIA Corporation\NVIDIA NvDLISR\;C:\Program Files (x86)\Yozosoft\Yozo_Office\Lib\xuggler\bin;D:\Java\bin;C:\WINDOWS\system32;C:\WINDOWS;C:\WINDOWS\System32\Wbem;C:\WINDOWS\System32\WindowsPowerShell\v1.0\;C:\WINDOWS\System32\OpenSSH\;D:\Users\其然乐衣Letitbe\Maven\apache-maven-3.6.0-bin\apache-maven-3.6.0\bin;C:\Program Files\PuTTY\;D:\texlive\texlive\2021\bin\win32;D:\Java\数据库MySQL\mysql-8.0.28-winx64\bin;C:\Program Files\MySQL\MySQL Server 8.0\bin;%ERLANG_HOME%\bin;D:\Program Files (x86)\NetSarang\Xftp 7\;D:\Git\cmd;D:\Program Files (x86)\NetSarang\Xshell 7\;D:\nvm;D:\nodejs;"D:\nodejs;D:\nodejs\node_global;";D:\Typora\RunningYuBlog\node_modules\hexo\node_modules\.bin;D:\Typora\RunningYuBlog\node_modules\hexo\node_modules;C:\Program Files\MySQL\MySQL Shell 8.0\bin\;C:\Users\其然乐衣Letitbe\AppData\Local\Microsoft\WindowsApps;D:\Program Files\JetBrains\IntelliJ IDEA 2021.3.1\bin;;D:\altera\13.1\modelsim_ae\win32aloem;D:\altera\13.1\modelsim_ase\win32aloem;D:\nodejs\node_global;D:\nvm;D:\nodejs;D:\APP\Vscode\Microsoft VS Code\bin;D:\nodejs\node_cache;D:\Typora\RunningYuBlog\node_modules\hexo\node_modules\.bin
USERNAME=其然乐衣Letitbe
OS=Windows_NT
PROCESSOR_IDENTIFIER=Intel64 Family 6 Model 142 Stepping 12, GenuineIntel



---------------  S Y S T E M  ---------------

OS: Windows 10.0 , 64 bit Build 19041 (10.0.19041.2788)

CPU:total 8 (initial active 8) (4 cores per cpu, 2 threads per core) family 6 model 142 stepping 12, cmov, cx8, fxsr, mmx, sse, sse2, sse3, ssse3, sse4.1, sse4.2, popcnt, avx, avx2, aes, clmul, erms, 3dnowpref, lzcnt, ht, tsc, tscinvbit, bmi1, bmi2, adx

Memory: 4k page, physical 16601588k(3389692k free), swap 16601588k(5120k free)

vm_info: OpenJDK 64-Bit Server VM (25.312-b07) for windows-amd64 JRE (1.8.0_312-b07), built on Oct 14 2021 21:08:49 by "Administrator" with MS VC++ 12.0 (VS2013)

time: Sat Apr 22 00:52:32 2023
timezone: ?D1ú±ê×?ê±??
elapsed time: 0.534478 seconds (0d 0h 0m 0s)

